<?xml version="1.0" encoding="UTF-8"?>
<testng-results ignored="0" total="1" passed="1" failed="0" skipped="0">
  <reporter-output>
  </reporter-output>
  <suite started-at="2022-10-20T12:08:23 IST" name="Suite" finished-at="2022-10-20T12:09:02 IST" duration-ms="39289">
    <groups>
    </groups>
    <test started-at="2022-10-20T12:08:23 IST" name="Pixel_2" finished-at="2022-10-20T12:09:02 IST" duration-ms="39289">
      <class name="com.QA.Test.TC001_LoginAsClientTest">
        <test-method is-config="true" signature="beforeTest(java.lang.String,java.lang.String,java.lang.String)[pri:0, instance:com.QA.Test.TC001_LoginAsClientTest@5386659f]" started-at="2022-10-20T12:08:23 IST" name="beforeTest" finished-at="2022-10-20T12:08:53 IST" duration-ms="30193" status="PASS">
          <params>
            <param index="0">
              <value>
                <![CDATA[false]]>
              </value>
            </param>
            <param index="1">
              <value>
                <![CDATA[Android]]>
              </value>
            </param>
            <param index="2">
              <value>
                <![CDATA[Google Pixel 3]]>
              </value>
            </param>
          </params>
          <reporter-output>
          </reporter-output>
        </test-method> <!-- beforeTest -->
        <test-method is-config="true" signature="beforeClass()[pri:0, instance:com.QA.Test.TC001_LoginAsClientTest@5386659f]" started-at="2022-10-20T12:08:53 IST" name="beforeClass" finished-at="2022-10-20T12:08:54 IST" duration-ms="1154" status="PASS">
          <reporter-output>
          </reporter-output>
        </test-method> <!-- beforeClass -->
        <test-method is-config="true" signature="beforeMethod(java.lang.reflect.Method)[pri:0, instance:com.QA.Test.TC001_LoginAsClientTest@5386659f]" started-at="2022-10-20T12:08:54 IST" name="beforeMethod" finished-at="2022-10-20T12:08:55 IST" duration-ms="203" status="PASS">
          <params>
            <param index="0">
              <value>
                <![CDATA[public void com.QA.Test.TC001_LoginAsClientTest.LoginAsClient()]]>
              </value>
            </param>
          </params>
          <reporter-output>
          </reporter-output>
        </test-method> <!-- beforeMethod -->
        <test-method signature="LoginAsClient()[pri:1, instance:com.QA.Test.TC001_LoginAsClientTest@5386659f]" started-at="2022-10-20T12:08:55 IST" name="LoginAsClient" finished-at="2022-10-20T12:09:01 IST" duration-ms="6176" status="PASS">
          <reporter-output>
          </reporter-output>
        </test-method> <!-- LoginAsClient -->
        <test-method is-config="true" signature="afterMethod()[pri:0, instance:com.QA.Test.TC001_LoginAsClientTest@5386659f]" started-at="2022-10-20T12:09:01 IST" name="afterMethod" finished-at="2022-10-20T12:09:01 IST" duration-ms="1" status="PASS">
          <reporter-output>
          </reporter-output>
        </test-method> <!-- afterMethod -->
        <test-method is-config="true" signature="afterClass()[pri:0, instance:com.QA.Test.TC001_LoginAsClientTest@5386659f]" started-at="2022-10-20T12:09:01 IST" name="afterClass" finished-at="2022-10-20T12:09:01 IST" duration-ms="1" status="PASS">
          <reporter-output>
          </reporter-output>
        </test-method> <!-- afterClass -->
        <test-method is-config="true" signature="afterTest()[pri:0, instance:com.QA.Test.TC001_LoginAsClientTest@5386659f]" started-at="2022-10-20T12:09:01 IST" name="afterTest" finished-at="2022-10-20T12:09:02 IST" duration-ms="1432" status="PASS">
          <reporter-output>
          </reporter-output>
        </test-method> <!-- afterTest -->
      </class> <!-- com.QA.Test.TC001_LoginAsClientTest -->
    </test> <!-- Pixel_2 -->
  </suite> <!-- Suite -->
</testng-results>
